{
  "RSpec": {
    "coverage": {
      "/Users/jaap/Documents/Programmieren/ruby/domain_driven_test/spec/crm/entities/customer_spec.rb": [
        1,
        null,
        1,
        1,
        1,
        null,
        null,
        1,
        1,
        1,
        null,
        null,
        1,
        1,
        1,
        1,
        null,
        null
      ],
      "/Users/jaap/Documents/Programmieren/ruby/domain_driven_test/spec/ticket_system/entities/ticket_spec.rb": [
        1,
        null,
        1,
        1,
        null,
        null
      ],
      "/Users/jaap/Documents/Programmieren/ruby/domain_driven_test/spec/ticket_system/services/create_ticket_spec.rb": [
        1,
        null,
        1,
        1,
        1,
        null,
        1,
        1,
        1,
        null,
        null
      ],
      "/Users/jaap/Documents/Programmieren/ruby/domain_driven_test/spec/ticket_system/services/find_unread_tickets_for_user_spec.rb": [
        1,
        null,
        1,
        1,
        1,
        null,
        1,
        1,
        null,
        1,
        null,
        null
      ],
      "/Users/jaap/Documents/Programmieren/ruby/domain_driven_test/spec/ticket_system/services/mark_ticket_read_spec.rb": [
        1,
        null,
        1,
        1,
        1,
        1,
        null,
        1,
        null,
        1,
        null,
        null
      ]
    },
    "timestamp": 1362729001
  }
}
